{"C:\\Users\\siyan\\OneDrive\\Desktop\\nyc-apartment-hunter\\src\\mock\\sum.js": {"path":"C:\\Users\\siyan\\OneDrive\\Desktop\\nyc-apartment-hunter\\src\\mock\\sum.js","statementMap":{"0":{"start":{"line":1,"column":12},"end":{"line":1,"column":25}},"1":{"start":{"line":1,"column":22},"end":{"line":1,"column":25}},"2":{"start":{"line":3,"column":0},"end":{"line":3,"column":21}}},"fnMap":{"0":{"name":"(anonymous_0)","decl":{"start":{"line":1,"column":12},"end":{"line":1,"column":13}},"loc":{"start":{"line":1,"column":22},"end":{"line":1,"column":25}},"line":1}},"branchMap":{},"s":{"0":1,"1":1,"2":1},"f":{"0":1},"b":{},"_coverageSchema":"1a1c01bbd47fc00a2c39e90264f33305004495a9","hash":"46b4c26abfe29d585339470c1fd8834c38a7dd01"}
}
